{"/mnt/c/Users/Tyler/Documents/VSCode Workspace Node/express-biztime/app.js": {"path":"/mnt/c/Users/Tyler/Documents/VSCode Workspace Node/express-biztime/app.js","statementMap":{"0":{"start":{"line":4,"column":16},"end":{"line":4,"column":34}},"1":{"start":{"line":6,"column":12},"end":{"line":6,"column":21}},"2":{"start":{"line":7,"column":21},"end":{"line":7,"column":46}},"3":{"start":{"line":9,"column":0},"end":{"line":9,"column":24}},"4":{"start":{"line":11,"column":22},"end":{"line":11,"column":51}},"5":{"start":{"line":12,"column":0},"end":{"line":12,"column":37}},"6":{"start":{"line":13,"column":22},"end":{"line":13,"column":50}},"7":{"start":{"line":14,"column":0},"end":{"line":14,"column":36}},"8":{"start":{"line":19,"column":0},"end":{"line":22,"column":3}},"9":{"start":{"line":20,"column":14},"end":{"line":20,"column":48}},"10":{"start":{"line":21,"column":2},"end":{"line":21,"column":19}},"11":{"start":{"line":26,"column":0},"end":{"line":33,"column":3}},"12":{"start":{"line":27,"column":2},"end":{"line":27,"column":32}},"13":{"start":{"line":29,"column":2},"end":{"line":32,"column":5}},"14":{"start":{"line":36,"column":0},"end":{"line":36,"column":21}}},"fnMap":{"0":{"name":"(anonymous_0)","decl":{"start":{"line":19,"column":8},"end":{"line":19,"column":9}},"loc":{"start":{"line":19,"column":33},"end":{"line":22,"column":1}},"line":19},"1":{"name":"(anonymous_1)","decl":{"start":{"line":26,"column":8},"end":{"line":26,"column":9}},"loc":{"start":{"line":26,"column":33},"end":{"line":33,"column":1}},"line":26}},"branchMap":{"0":{"loc":{"start":{"line":27,"column":13},"end":{"line":27,"column":30}},"type":"binary-expr","locations":[{"start":{"line":27,"column":13},"end":{"line":27,"column":23}},{"start":{"line":27,"column":27},"end":{"line":27,"column":30}}],"line":27}},"s":{"0":1,"1":1,"2":1,"3":1,"4":1,"5":1,"6":1,"7":1,"8":1,"9":0,"10":0,"11":1,"12":3,"13":3,"14":1},"f":{"0":0,"1":3},"b":{"0":[3,0]},"_coverageSchema":"1a1c01bbd47fc00a2c39e90264f33305004495a9","hash":"0e32b16b58db22f703502880f39539856b0e59ed"}
,"/mnt/c/Users/Tyler/Documents/VSCode Workspace Node/express-biztime/db.js": {"path":"/mnt/c/Users/Tyler/Documents/VSCode Workspace Node/express-biztime/db.js","statementMap":{"0":{"start":{"line":2,"column":19},"end":{"line":2,"column":32}},"1":{"start":{"line":6,"column":0},"end":{"line":10,"column":1}},"2":{"start":{"line":7,"column":4},"end":{"line":7,"column":74}},"3":{"start":{"line":9,"column":4},"end":{"line":9,"column":69}},"4":{"start":{"line":12,"column":9},"end":{"line":12,"column":48}},"5":{"start":{"line":13,"column":0},"end":{"line":13,"column":13}},"6":{"start":{"line":16,"column":0},"end":{"line":16,"column":20}}},"fnMap":{},"branchMap":{"0":{"loc":{"start":{"line":6,"column":0},"end":{"line":10,"column":1}},"type":"if","locations":[{"start":{"line":6,"column":0},"end":{"line":10,"column":1}},{"start":{"line":6,"column":0},"end":{"line":10,"column":1}}],"line":6}},"s":{"0":1,"1":1,"2":1,"3":0,"4":1,"5":1,"6":1},"f":{},"b":{"0":[1,0]},"_coverageSchema":"1a1c01bbd47fc00a2c39e90264f33305004495a9","hash":"0335ad1d4d43d6ae1cfa397210d8a5945358ba84"}
,"/mnt/c/Users/Tyler/Documents/VSCode Workspace Node/express-biztime/expressError.js": {"path":"/mnt/c/Users/Tyler/Documents/VSCode Workspace Node/express-biztime/expressError.js","statementMap":{"0":{"start":{"line":9,"column":4},"end":{"line":9,"column":12}},"1":{"start":{"line":10,"column":4},"end":{"line":10,"column":27}},"2":{"start":{"line":11,"column":4},"end":{"line":11,"column":25}},"3":{"start":{"line":12,"column":4},"end":{"line":12,"column":30}},"4":{"start":{"line":17,"column":0},"end":{"line":17,"column":30}}},"fnMap":{"0":{"name":"(anonymous_0)","decl":{"start":{"line":8,"column":2},"end":{"line":8,"column":3}},"loc":{"start":{"line":8,"column":31},"end":{"line":13,"column":3}},"line":8}},"branchMap":{},"s":{"0":3,"1":3,"2":3,"3":3,"4":1},"f":{"0":3},"b":{},"_coverageSchema":"1a1c01bbd47fc00a2c39e90264f33305004495a9","hash":"418e9a83d3f97587b918f44f8b36ebcd02639154"}
,"/mnt/c/Users/Tyler/Documents/VSCode Workspace Node/express-biztime/routes/companies.js": {"path":"/mnt/c/Users/Tyler/Documents/VSCode Workspace Node/express-biztime/routes/companies.js","statementMap":{"0":{"start":{"line":1,"column":16},"end":{"line":1,"column":34}},"1":{"start":{"line":2,"column":15},"end":{"line":2,"column":35}},"2":{"start":{"line":3,"column":11},"end":{"line":3,"column":27}},"3":{"start":{"line":4,"column":21},"end":{"line":4,"column":47}},"4":{"start":{"line":7,"column":0},"end":{"line":14,"column":3}},"5":{"start":{"line":8,"column":4},"end":{"line":13,"column":5}},"6":{"start":{"line":9,"column":24},"end":{"line":9,"column":65}},"7":{"start":{"line":10,"column":8},"end":{"line":10,"column":51}},"8":{"start":{"line":12,"column":8},"end":{"line":12,"column":22}},"9":{"start":{"line":16,"column":0},"end":{"line":33,"column":3}},"10":{"start":{"line":17,"column":4},"end":{"line":32,"column":5}},"11":{"start":{"line":18,"column":25},"end":{"line":18,"column":35}},"12":{"start":{"line":19,"column":24},"end":{"line":19,"column":138}},"13":{"start":{"line":20,"column":8},"end":{"line":22,"column":9}},"14":{"start":{"line":21,"column":12},"end":{"line":21,"column":61}},"15":{"start":{"line":23,"column":38},"end":{"line":23,"column":53}},"16":{"start":{"line":24,"column":29},"end":{"line":24,"column":31}},"17":{"start":{"line":25,"column":8},"end":{"line":28,"column":9}},"18":{"start":{"line":26,"column":70},"end":{"line":26,"column":73}},"19":{"start":{"line":27,"column":12},"end":{"line":27,"column":81}},"20":{"start":{"line":29,"column":8},"end":{"line":29,"column":87}},"21":{"start":{"line":31,"column":8},"end":{"line":31,"column":23}},"22":{"start":{"line":35,"column":0},"end":{"line":43,"column":3}},"23":{"start":{"line":36,"column":4},"end":{"line":42,"column":5}},"24":{"start":{"line":37,"column":42},"end":{"line":37,"column":50}},"25":{"start":{"line":38,"column":24},"end":{"line":38,"column":148}},"26":{"start":{"line":39,"column":8},"end":{"line":39,"column":63}},"27":{"start":{"line":41,"column":8},"end":{"line":41,"column":23}},"28":{"start":{"line":45,"column":0},"end":{"line":57,"column":3}},"29":{"start":{"line":46,"column":4},"end":{"line":56,"column":5}},"30":{"start":{"line":47,"column":25},"end":{"line":47,"column":35}},"31":{"start":{"line":48,"column":37},"end":{"line":48,"column":45}},"32":{"start":{"line":49,"column":24},"end":{"line":49,"column":139}},"33":{"start":{"line":50,"column":8},"end":{"line":52,"column":9}},"34":{"start":{"line":51,"column":12},"end":{"line":51,"column":61}},"35":{"start":{"line":53,"column":8},"end":{"line":53,"column":52}},"36":{"start":{"line":55,"column":8},"end":{"line":55,"column":22}},"37":{"start":{"line":59,"column":0},"end":{"line":71,"column":3}},"38":{"start":{"line":60,"column":4},"end":{"line":69,"column":5}},"39":{"start":{"line":61,"column":25},"end":{"line":61,"column":35}},"40":{"start":{"line":62,"column":24},"end":{"line":62,"column":97}},"41":{"start":{"line":63,"column":8},"end":{"line":65,"column":9}},"42":{"start":{"line":64,"column":12},"end":{"line":64,"column":61}},"43":{"start":{"line":66,"column":8},"end":{"line":66,"column":45}},"44":{"start":{"line":68,"column":8},"end":{"line":68,"column":23}},"45":{"start":{"line":73,"column":0},"end":{"line":73,"column":24}}},"fnMap":{"0":{"name":"(anonymous_0)","decl":{"start":{"line":7,"column":16},"end":{"line":7,"column":17}},"loc":{"start":{"line":7,"column":42},"end":{"line":14,"column":1}},"line":7},"1":{"name":"(anonymous_1)","decl":{"start":{"line":16,"column":21},"end":{"line":16,"column":22}},"loc":{"start":{"line":16,"column":47},"end":{"line":33,"column":1}},"line":16},"2":{"name":"(anonymous_2)","decl":{"start":{"line":35,"column":17},"end":{"line":35,"column":18}},"loc":{"start":{"line":35,"column":43},"end":{"line":43,"column":1}},"line":35},"3":{"name":"(anonymous_3)","decl":{"start":{"line":45,"column":21},"end":{"line":45,"column":22}},"loc":{"start":{"line":45,"column":47},"end":{"line":57,"column":1}},"line":45},"4":{"name":"(anonymous_4)","decl":{"start":{"line":59,"column":24},"end":{"line":59,"column":25}},"loc":{"start":{"line":59,"column":50},"end":{"line":71,"column":1}},"line":59}},"branchMap":{"0":{"loc":{"start":{"line":20,"column":8},"end":{"line":22,"column":9}},"type":"if","locations":[{"start":{"line":20,"column":8},"end":{"line":22,"column":9}},{"start":{"line":20,"column":8},"end":{"line":22,"column":9}}],"line":20},"1":{"loc":{"start":{"line":50,"column":8},"end":{"line":52,"column":9}},"type":"if","locations":[{"start":{"line":50,"column":8},"end":{"line":52,"column":9}},{"start":{"line":50,"column":8},"end":{"line":52,"column":9}}],"line":50},"2":{"loc":{"start":{"line":63,"column":8},"end":{"line":65,"column":9}},"type":"if","locations":[{"start":{"line":63,"column":8},"end":{"line":65,"column":9}},{"start":{"line":63,"column":8},"end":{"line":65,"column":9}}],"line":63}},"s":{"0":1,"1":1,"2":1,"3":1,"4":1,"5":1,"6":1,"7":1,"8":0,"9":1,"10":2,"11":2,"12":2,"13":2,"14":1,"15":1,"16":1,"17":1,"18":1,"19":1,"20":1,"21":1,"22":1,"23":1,"24":1,"25":1,"26":1,"27":0,"28":1,"29":2,"30":2,"31":2,"32":2,"33":2,"34":1,"35":1,"36":1,"37":1,"38":2,"39":2,"40":2,"41":2,"42":1,"43":1,"44":1,"45":1},"f":{"0":1,"1":2,"2":1,"3":2,"4":2},"b":{"0":[1,1],"1":[1,1],"2":[1,1]},"_coverageSchema":"1a1c01bbd47fc00a2c39e90264f33305004495a9","hash":"532f20d482c633f15fd10a12108d03bf64aa1ef2"}
,"/mnt/c/Users/Tyler/Documents/VSCode Workspace Node/express-biztime/routes/invoices.js": {"path":"/mnt/c/Users/Tyler/Documents/VSCode Workspace Node/express-biztime/routes/invoices.js","statementMap":{"0":{"start":{"line":1,"column":16},"end":{"line":1,"column":34}},"1":{"start":{"line":2,"column":15},"end":{"line":2,"column":35}},"2":{"start":{"line":3,"column":11},"end":{"line":3,"column":27}},"3":{"start":{"line":4,"column":21},"end":{"line":4,"column":47}},"4":{"start":{"line":6,"column":0},"end":{"line":13,"column":3}},"5":{"start":{"line":7,"column":4},"end":{"line":12,"column":5}},"6":{"start":{"line":8,"column":24},"end":{"line":8,"column":64}},"7":{"start":{"line":9,"column":8},"end":{"line":9,"column":50}},"8":{"start":{"line":11,"column":8},"end":{"line":11,"column":23}},"9":{"start":{"line":15,"column":0},"end":{"line":27,"column":3}},"10":{"start":{"line":16,"column":4},"end":{"line":26,"column":5}},"11":{"start":{"line":17,"column":23},"end":{"line":17,"column":33}},"12":{"start":{"line":18,"column":24},"end":{"line":18,"column":134}},"13":{"start":{"line":19,"column":8},"end":{"line":21,"column":9}},"14":{"start":{"line":20,"column":12},"end":{"line":20,"column":60}},"15":{"start":{"line":22,"column":76},"end":{"line":22,"column":91}},"16":{"start":{"line":23,"column":8},"end":{"line":23,"column":110}},"17":{"start":{"line":25,"column":8},"end":{"line":25,"column":23}},"18":{"start":{"line":29,"column":0},"end":{"line":37,"column":2}},"19":{"start":{"line":30,"column":4},"end":{"line":36,"column":5}},"20":{"start":{"line":31,"column":35},"end":{"line":31,"column":43}},"21":{"start":{"line":32,"column":24},"end":{"line":32,"column":125}},"22":{"start":{"line":33,"column":8},"end":{"line":33,"column":52}},"23":{"start":{"line":35,"column":8},"end":{"line":35,"column":23}},"24":{"start":{"line":39,"column":0},"end":{"line":51,"column":2}},"25":{"start":{"line":40,"column":4},"end":{"line":50,"column":5}},"26":{"start":{"line":41,"column":23},"end":{"line":41,"column":33}},"27":{"start":{"line":42,"column":24},"end":{"line":42,"column":32}},"28":{"start":{"line":43,"column":24},"end":{"line":43,"column":103}},"29":{"start":{"line":44,"column":8},"end":{"line":46,"column":9}},"30":{"start":{"line":45,"column":12},"end":{"line":45,"column":60}},"31":{"start":{"line":47,"column":8},"end":{"line":47,"column":52}},"32":{"start":{"line":49,"column":8},"end":{"line":49,"column":22}},"33":{"start":{"line":53,"column":0},"end":{"line":64,"column":2}},"34":{"start":{"line":54,"column":4},"end":{"line":63,"column":5}},"35":{"start":{"line":55,"column":23},"end":{"line":55,"column":33}},"36":{"start":{"line":56,"column":24},"end":{"line":56,"column":92}},"37":{"start":{"line":57,"column":8},"end":{"line":59,"column":9}},"38":{"start":{"line":58,"column":12},"end":{"line":58,"column":60}},"39":{"start":{"line":60,"column":8},"end":{"line":60,"column":45}},"40":{"start":{"line":66,"column":0},"end":{"line":66,"column":24}}},"fnMap":{"0":{"name":"(anonymous_0)","decl":{"start":{"line":6,"column":16},"end":{"line":6,"column":17}},"loc":{"start":{"line":6,"column":42},"end":{"line":13,"column":1}},"line":6},"1":{"name":"(anonymous_1)","decl":{"start":{"line":15,"column":19},"end":{"line":15,"column":20}},"loc":{"start":{"line":15,"column":45},"end":{"line":27,"column":1}},"line":15},"2":{"name":"(anonymous_2)","decl":{"start":{"line":29,"column":17},"end":{"line":29,"column":18}},"loc":{"start":{"line":29,"column":43},"end":{"line":37,"column":1}},"line":29},"3":{"name":"(anonymous_3)","decl":{"start":{"line":39,"column":19},"end":{"line":39,"column":20}},"loc":{"start":{"line":39,"column":45},"end":{"line":51,"column":1}},"line":39},"4":{"name":"(anonymous_4)","decl":{"start":{"line":53,"column":22},"end":{"line":53,"column":23}},"loc":{"start":{"line":53,"column":48},"end":{"line":64,"column":1}},"line":53}},"branchMap":{"0":{"loc":{"start":{"line":19,"column":8},"end":{"line":21,"column":9}},"type":"if","locations":[{"start":{"line":19,"column":8},"end":{"line":21,"column":9}},{"start":{"line":19,"column":8},"end":{"line":21,"column":9}}],"line":19},"1":{"loc":{"start":{"line":44,"column":8},"end":{"line":46,"column":9}},"type":"if","locations":[{"start":{"line":44,"column":8},"end":{"line":46,"column":9}},{"start":{"line":44,"column":8},"end":{"line":46,"column":9}}],"line":44},"2":{"loc":{"start":{"line":57,"column":8},"end":{"line":59,"column":9}},"type":"if","locations":[{"start":{"line":57,"column":8},"end":{"line":59,"column":9}},{"start":{"line":57,"column":8},"end":{"line":59,"column":9}}],"line":57}},"s":{"0":1,"1":1,"2":1,"3":1,"4":1,"5":0,"6":0,"7":0,"8":0,"9":1,"10":0,"11":0,"12":0,"13":0,"14":0,"15":0,"16":0,"17":0,"18":1,"19":0,"20":0,"21":0,"22":0,"23":0,"24":1,"25":0,"26":0,"27":0,"28":0,"29":0,"30":0,"31":0,"32":0,"33":1,"34":0,"35":0,"36":0,"37":0,"38":0,"39":0,"40":1},"f":{"0":0,"1":0,"2":0,"3":0,"4":0},"b":{"0":[0,0],"1":[0,0],"2":[0,0]},"_coverageSchema":"1a1c01bbd47fc00a2c39e90264f33305004495a9","hash":"35519936dceb6cf73a8333b4e95efa9e9d3ad87d"}
}
